<?xml version="1.0" encoding="UTF-8"?>
<testsuite name="PasswordEntryTest" tests="1" skipped="0" failures="0" errors="0" timestamp="2024-05-22T23:38:15" hostname="DESKTOP-28F0G7I" time="0.008">
  <properties/>
  <testcase name="testEquals" classname="PasswordEntryTest" time="0.008"/>
  <system-out><![CDATA[]]></system-out>
  <system-err><![CDATA[]]></system-err>
</testsuite>
