<?xml version="1.0" encoding="UTF-8"?>
<testsuite name="BingoTest" tests="1" skipped="0" failures="0" errors="0" timestamp="2024-05-10T21:52:20" hostname="DESKTOP-28F0G7I" time="0.012">
  <properties/>
  <testcase name="testFillBingoCard" classname="BingoTest" time="0.012"/>
  <system-out><![CDATA[]]></system-out>
  <system-err><![CDATA[]]></system-err>
</testsuite>
